[debug] [2023-02-08T10:31:53.792Z] ----------------------------------------------------------------------
[debug] [2023-02-08T10:31:53.794Z] Command:       C:\Program Files\nodejs\node.exe C:\Users\Admin\AppData\Roaming\npm\node_modules\firebase-tools\lib\bin\firebase.js init
[debug] [2023-02-08T10:31:53.795Z] CLI Version:   11.22.0
[debug] [2023-02-08T10:31:53.795Z] Platform:      win32
[debug] [2023-02-08T10:31:53.795Z] Node Version:  v16.14.2
[debug] [2023-02-08T10:31:53.796Z] Time:          Wed Feb 08 2023 16:31:53 GMT+0600 (Bangladesh Standard Time)
[debug] [2023-02-08T10:31:53.796Z] ----------------------------------------------------------------------
[debug] 
[debug] [2023-02-08T10:31:53.872Z] > command requires scopes: ["email","openid","https://www.googleapis.com/auth/cloudplatformprojects.readonly","https://www.googleapis.com/auth/firebase","https://www.googleapis.com/auth/cloud-platform"]
[debug] [2023-02-08T10:31:53.872Z] > authorizing via signed-in user (srsohan284@gmail.com)
[info] 
     ######## #### ########  ######## ########     ###     ######  ########
     ##        ##  ##     ## ##       ##     ##  ##   ##  ##       ##
     ######    ##  ########  ######   ########  #########  ######  ######
     ##        ##  ##    ##  ##       ##     ## ##     ##       ## ##
     ##       #### ##     ## ######## ########  ##     ##  ######  ########

You're about to initialize a Firebase project in this directory:

  C:\Projects\Mobile-Gadget\Mobile-Exchange-Client

Before we get started, keep in mind:

  * You are currently outside your home directory
  * You are initializing within an existing Firebase project directory

[info] 
=== Project Setup
[info] 
[info] First, let's associate this project directory with a Firebase project.
[info] You can create multiple project aliases by running firebase use --add, 
[info] but for now we'll just set up a default project.
[info] 
[debug] [2023-02-08T10:32:05.497Z] Using project from CLI flag: as-sunnah-store
[debug] [2023-02-08T10:32:05.500Z] >>> [apiv2][query] GET https://firebase.googleapis.com/v1beta1/projects/as-sunnah-store [none]
[debug] [2023-02-08T10:32:06.039Z] <<< [apiv2][status] GET https://firebase.googleapis.com/v1beta1/projects/as-sunnah-store 200
[debug] [2023-02-08T10:32:06.039Z] <<< [apiv2][body] GET https://firebase.googleapis.com/v1beta1/projects/as-sunnah-store {"projectId":"as-sunnah-store","projectNumber":"1000940797240","displayName":"As-Sunnah-Store","name":"projects/as-sunnah-store","resources":{"hostingSite":"as-sunnah-store"},"state":"ACTIVE","etag":"1_5cb7803a-0b4c-4ebe-acfb-82e7754f3300"}
[info] i  Using project as-sunnah-store (As-Sunnah-Store) 
[info] 
=== Hosting Setup
[info] 
[info] Your public directory is the folder (relative to your project directory) that
[info] will contain Hosting assets to be uploaded with firebase deploy. If you
[info] have a build process for your assets, use your build's output directory.
[info] 
[debug] [2023-02-08T10:32:32.100Z] ----------------------------------------------------------------------
[debug] [2023-02-08T10:32:32.102Z] Command:       C:\Program Files\nodejs\node.exe C:\Users\Admin\AppData\Roaming\npm\node_modules\firebase-tools\lib\bin\firebase.js init
[debug] [2023-02-08T10:32:32.103Z] CLI Version:   11.22.0
[debug] [2023-02-08T10:32:32.103Z] Platform:      win32
[debug] [2023-02-08T10:32:32.103Z] Node Version:  v16.14.2
[debug] [2023-02-08T10:32:32.105Z] Time:          Wed Feb 08 2023 16:32:32 GMT+0600 (Bangladesh Standard Time)
[debug] [2023-02-08T10:32:32.105Z] ----------------------------------------------------------------------
[debug] 
[debug] [2023-02-08T10:32:32.185Z] > command requires scopes: ["email","openid","https://www.googleapis.com/auth/cloudplatformprojects.readonly","https://www.googleapis.com/auth/firebase","https://www.googleapis.com/auth/cloud-platform"]
[debug] [2023-02-08T10:32:32.186Z] > authorizing via signed-in user (srsohan284@gmail.com)
[info] 
     ######## #### ########  ######## ########     ###     ######  ########
     ##        ##  ##     ## ##       ##     ##  ##   ##  ##       ##
     ######    ##  ########  ######   ########  #########  ######  ######
     ##        ##  ##    ##  ##       ##     ## ##     ##       ## ##
     ##       #### ##     ## ######## ########  ##     ##  ######  ########

You're about to initialize a Firebase project in this directory:

  C:\Projects\Mobile-Gadget\Mobile-Exchange-Client

Before we get started, keep in mind:

  * You are currently outside your home directory
  * You are initializing within an existing Firebase project directory

[info] 
=== Project Setup
[info] 
[info] First, let's associate this project directory with a Firebase project.
[info] You can create multiple project aliases by running firebase use --add, 
[info] but for now we'll just set up a default project.
[info] 
[debug] [2023-02-08T10:32:59.896Z] Using project from CLI flag: as-sunnah-store
[debug] [2023-02-08T10:32:59.900Z] >>> [apiv2][query] GET https://firebase.googleapis.com/v1beta1/projects/as-sunnah-store [none]
[debug] [2023-02-08T10:33:00.750Z] <<< [apiv2][status] GET https://firebase.googleapis.com/v1beta1/projects/as-sunnah-store 200
[debug] [2023-02-08T10:33:00.750Z] <<< [apiv2][body] GET https://firebase.googleapis.com/v1beta1/projects/as-sunnah-store {"projectId":"as-sunnah-store","projectNumber":"1000940797240","displayName":"As-Sunnah-Store","name":"projects/as-sunnah-store","resources":{"hostingSite":"as-sunnah-store"},"state":"ACTIVE","etag":"1_5cb7803a-0b4c-4ebe-acfb-82e7754f3300"}
[info] i  Using project as-sunnah-store (As-Sunnah-Store) 
[info] 
=== Hosting Setup
[info] 
[info] Your public directory is the folder (relative to your project directory) that
[info] will contain Hosting assets to be uploaded with firebase deploy. If you
[info] have a build process for your assets, use your build's output directory.
[info] 
[info] i  Skipping write of build/404.html 
[debug] [2023-02-08T10:33:21.403Z] >>> [apiv2][query] GET https://www.gstatic.com/firebasejs/releases.json [none]
[debug] [2023-02-08T10:33:21.629Z] <<< [apiv2][status] GET https://www.gstatic.com/firebasejs/releases.json 200
[debug] [2023-02-08T10:33:21.629Z] <<< [apiv2][body] GET https://www.gstatic.com/firebasejs/releases.json {"current":{"version":"9.17.1","browserURL":"https://www.gstatic.com/firebasejs/9.17.1/firebase.js","packageURL":"https://www.gstatic.com/firebasejs/9.17.1/firebase.tgz"},"live":{"version":"9.17","browserURL":"https://www.gstatic.com/firebasejs/live/9.17/firebase.js","packageURL":"https://www.gstatic.com/firebasejs/live/9.17/firebase.tgz"},"components":{"analytics":"https://www.gstatic.com/firebasejs/9.17.1/firebase-analytics.js","app":"https://www.gstatic.com/firebasejs/9.17.1/firebase-app.js","app-check":"https://www.gstatic.com/firebasejs/9.17.1/firebase-app-check.js","auth":"https://www.gstatic.com/firebasejs/9.17.1/firebase-auth.js","auth/cordova":"https://www.gstatic.com/firebasejs/9.17.1/firebase-auth/cordova.js","auth/react-native":"https://www.gstatic.com/firebasejs/9.17.1/firebase-auth/react-native.js","functions":"https://www.gstatic.com/firebasejs/9.17.1/firebase-functions.js","firestore":"https://www.gstatic.com/firebasejs/9.17.1/firebase-firestore.js","firestore/lite":"https://www.gstatic.com/firebasejs/9.17.1/firebase-firestore/lite.js","installations":"https://www.gstatic.com/firebasejs/9.17.1/firebase-installations.js","storage":"https://www.gstatic.com/firebasejs/9.17.1/firebase-storage.js","performance":"https://www.gstatic.com/firebasejs/9.17.1/firebase-performance.js","remote-config":"https://www.gstatic.com/firebasejs/9.17.1/firebase-remote-config.js","messaging":"https://www.gstatic.com/firebasejs/9.17.1/firebase-messaging.js","messaging/sw":"https://www.gstatic.com/firebasejs/9.17.1/firebase-messaging/sw.js","database":"https://www.gstatic.com/firebasejs/9.17.1/firebase-database.js","firestore.memory":"https://www.gstatic.com/firebasejs/9.17.1/firebase-firestore.memory.js"}}
[info] i  Skipping write of build/index.html 
[info] 
[info] i  Detected a .git folder at C:\Projects\Mobile-Gadget\Mobile-Exchange-Client 
[info] i  Authorizing with GitHub to upload your service account to a GitHub repository's secrets store. 
[info] 
[info] Visit this URL on this device to log in:
[info] https://github.com/login/oauth/authorize?client_id=89cf50f02ac6aaed3484&state=933505214&redirect_uri=http%3A%2F%2Flocalhost%3A9005&scope=read%3Auser%20repo%20public_repo
[info] 
[info] Waiting for authentication...
[debug] [2023-02-08T10:33:23.887Z] >>> [apiv2][query] POST https://github.com/login/oauth/access_token [none]
[debug] [2023-02-08T10:33:23.887Z] >>> [apiv2][body] POST https://github.com/login/oauth/access_token [stream]
[debug] [2023-02-08T10:33:24.437Z] <<< [apiv2][status] POST https://github.com/login/oauth/access_token 200
[debug] [2023-02-08T10:33:24.437Z] <<< [apiv2][body] POST https://github.com/login/oauth/access_token {"access_token":"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","token_type":"bearer","scope":"read:user,repo"}
[debug] [2023-02-08T10:33:24.444Z] >>> [apiv2][query] GET https://api.github.com/user [none]
[debug] [2023-02-08T10:33:24.994Z] <<< [apiv2][status] GET https://api.github.com/user 200
[debug] [2023-02-08T10:33:24.994Z] <<< [apiv2][body] GET https://api.github.com/user {"login":"sohan284","id":58099018,"node_id":"MDQ6VXNlcjU4MDk5MDE4","avatar_url":"https://avatars.githubusercontent.com/u/58099018?v=4","gravatar_id":"","url":"https://api.github.com/users/sohan284","html_url":"https://github.com/sohan284","followers_url":"https://api.github.com/users/sohan284/followers","following_url":"https://api.github.com/users/sohan284/following{/other_user}","gists_url":"https://api.github.com/users/sohan284/gists{/gist_id}","starred_url":"https://api.github.com/users/sohan284/starred{/owner}{/repo}","subscriptions_url":"https://api.github.com/users/sohan284/subscriptions","organizations_url":"https://api.github.com/users/sohan284/orgs","repos_url":"https://api.github.com/users/sohan284/repos","events_url":"https://api.github.com/users/sohan284/events{/privacy}","received_events_url":"https://api.github.com/users/sohan284/received_events","type":"User","site_admin":false,"name":"MD SR Sohan","company":null,"blog":"https://portfolio-ccefb.web.app/","location":"Rangpur","email":null,"hireable":null,"bio":"I am MD: Sohanur Rahman Sohan\r\nI am studying at daffodil international university department of software engineer.\r\nMy home town is Rangpur.","twitter_username":null,"public_repos":26,"public_gists":0,"followers":1,"following":2,"created_at":"2019-11-23T04:24:22Z","updated_at":"2023-01-31T09:50:15Z","private_gists":0,"total_private_repos":1,"owned_private_repos":1,"disk_usage":37787,"collaborators":0,"two_factor_authentication":false,"plan":{"name":"free","space":976562499,"collaborators":0,"private_repos":10000}}
[info] 
[info] +  Success! Logged into GitHub as sohan284 
[info] 
[debug] [2023-02-08T10:35:02.215Z] ----------------------------------------------------------------------
[debug] [2023-02-08T10:35:02.218Z] Command:       C:\Program Files\nodejs\node.exe C:\Users\Admin\AppData\Roaming\npm\node_modules\firebase-tools\lib\bin\firebase.js init
[debug] [2023-02-08T10:35:02.218Z] CLI Version:   11.22.0
[debug] [2023-02-08T10:35:02.218Z] Platform:      win32
[debug] [2023-02-08T10:35:02.219Z] Node Version:  v16.14.2
[debug] [2023-02-08T10:35:02.220Z] Time:          Wed Feb 08 2023 16:35:02 GMT+0600 (Bangladesh Standard Time)
[debug] [2023-02-08T10:35:02.220Z] ----------------------------------------------------------------------
[debug] 
[debug] [2023-02-08T10:35:02.292Z] > command requires scopes: ["email","openid","https://www.googleapis.com/auth/cloudplatformprojects.readonly","https://www.googleapis.com/auth/firebase","https://www.googleapis.com/auth/cloud-platform"]
[debug] [2023-02-08T10:35:02.293Z] > authorizing via signed-in user (srsohan284@gmail.com)
[info] 
     ######## #### ########  ######## ########     ###     ######  ########
     ##        ##  ##     ## ##       ##     ##  ##   ##  ##       ##
     ######    ##  ########  ######   ########  #########  ######  ######
     ##        ##  ##    ##  ##       ##     ## ##     ##       ## ##
     ##       #### ##     ## ######## ########  ##     ##  ######  ########

You're about to initialize a Firebase project in this directory:

  C:\Projects\Mobile-Gadget\Mobile-Exchange-Client

Before we get started, keep in mind:

  * You are currently outside your home directory
  * You are initializing within an existing Firebase project directory

[info] 
=== Project Setup
[info] 
[info] First, let's associate this project directory with a Firebase project.
[info] You can create multiple project aliases by running firebase use --add, 
[info] but for now we'll just set up a default project.
[info] 
[debug] [2023-02-08T10:35:41.986Z] Using project from CLI flag: as-sunnah-store
[debug] [2023-02-08T10:35:41.989Z] >>> [apiv2][query] GET https://firebase.googleapis.com/v1beta1/projects/as-sunnah-store [none]
[debug] [2023-02-08T10:35:42.659Z] <<< [apiv2][status] GET https://firebase.googleapis.com/v1beta1/projects/as-sunnah-store 200
[debug] [2023-02-08T10:35:42.659Z] <<< [apiv2][body] GET https://firebase.googleapis.com/v1beta1/projects/as-sunnah-store {"projectId":"as-sunnah-store","projectNumber":"1000940797240","displayName":"As-Sunnah-Store","name":"projects/as-sunnah-store","resources":{"hostingSite":"as-sunnah-store"},"state":"ACTIVE","etag":"1_5cb7803a-0b4c-4ebe-acfb-82e7754f3300"}
[info] i  Using project as-sunnah-store (As-Sunnah-Store) 
[info] 
=== Hosting:github Setup
[info] 
[info] i  Detected a .git folder at C:\Projects\Mobile-Gadget\Mobile-Exchange-Client 
[info] i  Authorizing with GitHub to upload your service account to a GitHub repository's secrets store. 
[info] 
[info] Visit this URL on this device to log in:
[info] https://github.com/login/oauth/authorize?client_id=89cf50f02ac6aaed3484&state=419498248&redirect_uri=http%3A%2F%2Flocalhost%3A9005&scope=read%3Auser%20repo%20public_repo
[info] 
[info] Waiting for authentication...
[debug] [2023-02-08T10:35:43.418Z] >>> [apiv2][query] POST https://github.com/login/oauth/access_token [none]
[debug] [2023-02-08T10:35:43.419Z] >>> [apiv2][body] POST https://github.com/login/oauth/access_token [stream]
[debug] [2023-02-08T10:35:43.991Z] <<< [apiv2][status] POST https://github.com/login/oauth/access_token 200
[debug] [2023-02-08T10:35:43.991Z] <<< [apiv2][body] POST https://github.com/login/oauth/access_token {"access_token":"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","token_type":"bearer","scope":"read:user,repo"}
[debug] [2023-02-08T10:35:43.999Z] >>> [apiv2][query] GET https://api.github.com/user [none]
[debug] [2023-02-08T10:35:44.570Z] <<< [apiv2][status] GET https://api.github.com/user 200
[debug] [2023-02-08T10:35:44.570Z] <<< [apiv2][body] GET https://api.github.com/user {"login":"sohan284","id":58099018,"node_id":"MDQ6VXNlcjU4MDk5MDE4","avatar_url":"https://avatars.githubusercontent.com/u/58099018?v=4","gravatar_id":"","url":"https://api.github.com/users/sohan284","html_url":"https://github.com/sohan284","followers_url":"https://api.github.com/users/sohan284/followers","following_url":"https://api.github.com/users/sohan284/following{/other_user}","gists_url":"https://api.github.com/users/sohan284/gists{/gist_id}","starred_url":"https://api.github.com/users/sohan284/starred{/owner}{/repo}","subscriptions_url":"https://api.github.com/users/sohan284/subscriptions","organizations_url":"https://api.github.com/users/sohan284/orgs","repos_url":"https://api.github.com/users/sohan284/repos","events_url":"https://api.github.com/users/sohan284/events{/privacy}","received_events_url":"https://api.github.com/users/sohan284/received_events","type":"User","site_admin":false,"name":"MD SR Sohan","company":null,"blog":"https://portfolio-ccefb.web.app/","location":"Rangpur","email":null,"hireable":null,"bio":"I am MD: Sohanur Rahman Sohan\r\nI am studying at daffodil international university department of software engineer.\r\nMy home town is Rangpur.","twitter_username":null,"public_repos":26,"public_gists":0,"followers":1,"following":2,"created_at":"2019-11-23T04:24:22Z","updated_at":"2023-01-31T09:50:15Z","private_gists":0,"total_private_repos":1,"owned_private_repos":1,"disk_usage":37787,"collaborators":0,"two_factor_authentication":false,"plan":{"name":"free","space":976562499,"collaborators":0,"private_repos":10000}}
[info] 
[info] +  Success! Logged into GitHub as sohan284 
[info] 
[debug] [2023-02-08T11:03:24.848Z] ----------------------------------------------------------------------
[debug] [2023-02-08T11:03:24.850Z] Command:       C:\Program Files\nodejs\node.exe C:\Users\Admin\AppData\Roaming\npm\node_modules\firebase-tools\lib\bin\firebase.js init hosting
[debug] [2023-02-08T11:03:24.851Z] CLI Version:   11.22.0
[debug] [2023-02-08T11:03:24.851Z] Platform:      win32
[debug] [2023-02-08T11:03:24.851Z] Node Version:  v16.14.2
[debug] [2023-02-08T11:03:24.852Z] Time:          Wed Feb 08 2023 17:03:24 GMT+0600 (Bangladesh Standard Time)
[debug] [2023-02-08T11:03:24.852Z] ----------------------------------------------------------------------
[debug] 
[debug] [2023-02-08T11:03:24.930Z] > command requires scopes: ["email","openid","https://www.googleapis.com/auth/cloudplatformprojects.readonly","https://www.googleapis.com/auth/firebase","https://www.googleapis.com/auth/cloud-platform"]
[debug] [2023-02-08T11:03:24.930Z] > authorizing via signed-in user (srsohan284@gmail.com)
[info] 
     ######## #### ########  ######## ########     ###     ######  ########
     ##        ##  ##     ## ##       ##     ##  ##   ##  ##       ##
     ######    ##  ########  ######   ########  #########  ######  ######
     ##        ##  ##    ##  ##       ##     ## ##     ##       ## ##
     ##       #### ##     ## ######## ########  ##     ##  ######  ########

You're about to initialize a Firebase project in this directory:

  C:\Projects\Mobile-Gadget\Mobile-Exchange-Client

Before we get started, keep in mind:

  * You are currently outside your home directory
  * You are initializing within an existing Firebase project directory

[info] 
=== Project Setup
[info] 
[info] First, let's associate this project directory with a Firebase project.
[info] You can create multiple project aliases by running firebase use --add, 
[info] but for now we'll just set up a default project.
[info] 
[debug] [2023-02-08T11:03:36.298Z] Using project from CLI flag: as-sunnah-store
[debug] [2023-02-08T11:03:36.300Z] > refreshing access token with scopes: []
[debug] [2023-02-08T11:03:36.303Z] >>> [apiv2][query] POST https://www.googleapis.com/oauth2/v3/token [none]
[debug] [2023-02-08T11:03:36.303Z] >>> [apiv2][body] POST https://www.googleapis.com/oauth2/v3/token [omitted]
[debug] [2023-02-08T11:03:36.662Z] <<< [apiv2][status] POST https://www.googleapis.com/oauth2/v3/token 200
[debug] [2023-02-08T11:03:36.662Z] <<< [apiv2][body] POST https://www.googleapis.com/oauth2/v3/token [omitted]
[debug] [2023-02-08T11:03:36.673Z] >>> [apiv2][query] GET https://firebase.googleapis.com/v1beta1/projects/as-sunnah-store [none]
[debug] [2023-02-08T11:03:37.241Z] <<< [apiv2][status] GET https://firebase.googleapis.com/v1beta1/projects/as-sunnah-store 200
[debug] [2023-02-08T11:03:37.241Z] <<< [apiv2][body] GET https://firebase.googleapis.com/v1beta1/projects/as-sunnah-store {"projectId":"as-sunnah-store","projectNumber":"1000940797240","displayName":"As-Sunnah-Store","name":"projects/as-sunnah-store","resources":{"hostingSite":"as-sunnah-store"},"state":"ACTIVE","etag":"1_5cb7803a-0b4c-4ebe-acfb-82e7754f3300"}
[info] i  Using project as-sunnah-store (As-Sunnah-Store) 
[info] 
=== Hosting Setup
[info] 
[info] Your public directory is the folder (relative to your project directory) that
[info] will contain Hosting assets to be uploaded with firebase deploy. If you
[info] have a build process for your assets, use your build's output directory.
[info] 
[info] +  Wrote build/404.html 
[debug] [2023-02-08T11:05:53.198Z] >>> [apiv2][query] GET https://www.gstatic.com/firebasejs/releases.json [none]
[debug] [2023-02-08T11:05:53.503Z] <<< [apiv2][status] GET https://www.gstatic.com/firebasejs/releases.json 200
[debug] [2023-02-08T11:05:53.504Z] <<< [apiv2][body] GET https://www.gstatic.com/firebasejs/releases.json {"current":{"version":"9.17.1","browserURL":"https://www.gstatic.com/firebasejs/9.17.1/firebase.js","packageURL":"https://www.gstatic.com/firebasejs/9.17.1/firebase.tgz"},"live":{"version":"9.17","browserURL":"https://www.gstatic.com/firebasejs/live/9.17/firebase.js","packageURL":"https://www.gstatic.com/firebasejs/live/9.17/firebase.tgz"},"components":{"analytics":"https://www.gstatic.com/firebasejs/9.17.1/firebase-analytics.js","app":"https://www.gstatic.com/firebasejs/9.17.1/firebase-app.js","app-check":"https://www.gstatic.com/firebasejs/9.17.1/firebase-app-check.js","auth":"https://www.gstatic.com/firebasejs/9.17.1/firebase-auth.js","auth/cordova":"https://www.gstatic.com/firebasejs/9.17.1/firebase-auth/cordova.js","auth/react-native":"https://www.gstatic.com/firebasejs/9.17.1/firebase-auth/react-native.js","functions":"https://www.gstatic.com/firebasejs/9.17.1/firebase-functions.js","firestore":"https://www.gstatic.com/firebasejs/9.17.1/firebase-firestore.js","firestore/lite":"https://www.gstatic.com/firebasejs/9.17.1/firebase-firestore/lite.js","installations":"https://www.gstatic.com/firebasejs/9.17.1/firebase-installations.js","storage":"https://www.gstatic.com/firebasejs/9.17.1/firebase-storage.js","performance":"https://www.gstatic.com/firebasejs/9.17.1/firebase-performance.js","remote-config":"https://www.gstatic.com/firebasejs/9.17.1/firebase-remote-config.js","messaging":"https://www.gstatic.com/firebasejs/9.17.1/firebase-messaging.js","messaging/sw":"https://www.gstatic.com/firebasejs/9.17.1/firebase-messaging/sw.js","database":"https://www.gstatic.com/firebasejs/9.17.1/firebase-database.js","firestore.memory":"https://www.gstatic.com/firebasejs/9.17.1/firebase-firestore.memory.js"}}
[info] +  Wrote build/index.html 
[info] 
[info] i  Detected a .git folder at C:\Projects\Mobile-Gadget\Mobile-Exchange-Client 
[info] i  Authorizing with GitHub to upload your service account to a GitHub repository's secrets store. 
[info] 
[info] Visit this URL on this device to log in:
[info] https://github.com/login/oauth/authorize?client_id=89cf50f02ac6aaed3484&state=105091577&redirect_uri=http%3A%2F%2Flocalhost%3A9005&scope=read%3Auser%20repo%20public_repo
[info] 
[info] Waiting for authentication...
[debug] [2023-02-08T11:05:58.101Z] >>> [apiv2][query] POST https://github.com/login/oauth/access_token [none]
[debug] [2023-02-08T11:05:58.102Z] >>> [apiv2][body] POST https://github.com/login/oauth/access_token [stream]
[debug] [2023-02-08T11:06:00.639Z] <<< [apiv2][status] POST https://github.com/login/oauth/access_token 200
[debug] [2023-02-08T11:06:00.639Z] <<< [apiv2][body] POST https://github.com/login/oauth/access_token {"access_token":"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","token_type":"bearer","scope":"read:user,repo"}
[debug] [2023-02-08T11:06:00.645Z] >>> [apiv2][query] GET https://api.github.com/user [none]
[debug] [2023-02-08T11:06:01.244Z] <<< [apiv2][status] GET https://api.github.com/user 200
[debug] [2023-02-08T11:06:01.245Z] <<< [apiv2][body] GET https://api.github.com/user {"login":"sohan284","id":58099018,"node_id":"MDQ6VXNlcjU4MDk5MDE4","avatar_url":"https://avatars.githubusercontent.com/u/58099018?v=4","gravatar_id":"","url":"https://api.github.com/users/sohan284","html_url":"https://github.com/sohan284","followers_url":"https://api.github.com/users/sohan284/followers","following_url":"https://api.github.com/users/sohan284/following{/other_user}","gists_url":"https://api.github.com/users/sohan284/gists{/gist_id}","starred_url":"https://api.github.com/users/sohan284/starred{/owner}{/repo}","subscriptions_url":"https://api.github.com/users/sohan284/subscriptions","organizations_url":"https://api.github.com/users/sohan284/orgs","repos_url":"https://api.github.com/users/sohan284/repos","events_url":"https://api.github.com/users/sohan284/events{/privacy}","received_events_url":"https://api.github.com/users/sohan284/received_events","type":"User","site_admin":false,"name":"MD SR Sohan","company":null,"blog":"https://portfolio-ccefb.web.app/","location":"Rangpur","email":null,"hireable":null,"bio":"I am MD: Sohanur Rahman Sohan\r\nI am studying at daffodil international university department of software engineer.\r\nMy home town is Rangpur.","twitter_username":null,"public_repos":26,"public_gists":0,"followers":1,"following":2,"created_at":"2019-11-23T04:24:22Z","updated_at":"2023-01-31T09:50:15Z","private_gists":0,"total_private_repos":1,"owned_private_repos":1,"disk_usage":37791,"collaborators":0,"two_factor_authentication":false,"plan":{"name":"free","space":976562499,"collaborators":0,"private_repos":10000}}
[info] 
[info] +  Success! Logged into GitHub as sohan284 
[info] 
[debug] [2023-02-08T11:06:06.803Z] >>> [apiv2][query] GET https://api.github.com/repos/rte/actions/secrets/public-key type=owner
[debug] [2023-02-08T11:06:07.249Z] <<< [apiv2][status] GET https://api.github.com/repos/rte/actions/secrets/public-key 404
[debug] [2023-02-08T11:06:07.249Z] <<< [apiv2][body] GET https://api.github.com/repos/rte/actions/secrets/public-key {"message":"Not Found","documentation_url":"https://docs.github.com/rest"}
